<?xml version="1.0" encoding="UTF-8"?>
<!-- Generated by org.testng.reporters.JUnitXMLReporter -->
<testsuite hostname="LAPTOP-HL4REAJM" ignored="0" name="Test1" tests="7" failures="0" timestamp="2020-11-06T13:34:12 IST" time="123.362" errors="0">
  <testcase name="@BeforeTest Test" time="122.119" classname="testClass.Invalid">
    <failure type="org.openqa.selenium.NoSuchWindowException" message="no such window: target window already closed
from unknown error: web view not found
  (Session info: chrome=86.0.4240.183)
Build info: version: &amp;apos;3.141.59&amp;apos;, revision: &amp;apos;e82be7d358&amp;apos;, time: &amp;apos;2018-11-14T08:17:03&amp;apos;
System info: host: &amp;apos;LAPTOP-HL4REAJM&amp;apos;, ip: &amp;apos;172.17.135.49&amp;apos;, os.name: &amp;apos;Windows 10&amp;apos;, os.arch: &amp;apos;amd64&amp;apos;, os.version: &amp;apos;10.0&amp;apos;, java.version: &amp;apos;1.8.0_271&amp;apos;
Driver info: org.openqa.selenium.chrome.ChromeDriver
Capabilities {acceptInsecureCerts: false, browserName: chrome, browserVersion: 86.0.4240.183, chrome: {chromedriverVersion: 85.0.4183.87 (cd6713ebf92fa..., userDataDir: C:\Users\choud\AppData\Loca...}, goog:chromeOptions: {debuggerAddress: localhost:51066}, javascriptEnabled: true, networkConnectionEnabled: false, pageLoadStrategy: normal, platform: WINDOWS, platformName: WINDOWS, proxy: Proxy(), setWindowRect: true, strictFileInteractability: false, timeouts: {implicit: 0, pageLoad: 300000, script: 30000}, unhandledPromptBehavior: dismiss and notify, webauthn:virtualAuthenticators: true}
Session ID: 0c02413b5dc1670d5a39ccea3ce40c19
*** Element info: {Using=xpath, value=//div[@class=&amp;apos;left_menu_icon_overlay&amp;apos;]}">
      <![CDATA[org.openqa.selenium.NoSuchWindowException: no such window: target window already closed
from unknown error: web view not found
  (Session info: chrome=86.0.4240.183)
Build info: version: '3.141.59', revision: 'e82be7d358', time: '2018-11-14T08:17:03'
System info: host: 'LAPTOP-HL4REAJM', ip: '172.17.135.49', os.name: 'Windows 10', os.arch: 'amd64', os.version: '10.0', java.version: '1.8.0_271'
Driver info: org.openqa.selenium.chrome.ChromeDriver
Capabilities {acceptInsecureCerts: false, browserName: chrome, browserVersion: 86.0.4240.183, chrome: {chromedriverVersion: 85.0.4183.87 (cd6713ebf92fa..., userDataDir: C:\Users\choud\AppData\Loca...}, goog:chromeOptions: {debuggerAddress: localhost:51066}, javascriptEnabled: true, networkConnectionEnabled: false, pageLoadStrategy: normal, platform: WINDOWS, platformName: WINDOWS, proxy: Proxy(), setWindowRect: true, strictFileInteractability: false, timeouts: {implicit: 0, pageLoad: 300000, script: 30000}, unhandledPromptBehavior: dismiss and notify, webauthn:virtualAuthenticators: true}
Session ID: 0c02413b5dc1670d5a39ccea3ce40c19
*** Element info: {Using=xpath, value=//div[@class='left_menu_icon_overlay']}
at org.openqa.selenium.remote.http.W3CHttpResponseCodec.createException(W3CHttpResponseCodec.java:187)
at org.openqa.selenium.remote.http.W3CHttpResponseCodec.decode(W3CHttpResponseCodec.java:122)
at org.openqa.selenium.remote.http.W3CHttpResponseCodec.decode(W3CHttpResponseCodec.java:49)
at org.openqa.selenium.remote.HttpCommandExecutor.execute(HttpCommandExecutor.java:158)
at org.openqa.selenium.remote.service.DriverCommandExecutor.execute(DriverCommandExecutor.java:83)
at org.openqa.selenium.remote.RemoteWebDriver.execute(RemoteWebDriver.java:552)
at org.openqa.selenium.remote.RemoteWebDriver.findElement(RemoteWebDriver.java:323)
at org.openqa.selenium.remote.RemoteWebDriver.findElementByXPath(RemoteWebDriver.java:428)
at org.openqa.selenium.By$ByXPath.findElement(By.java:353)
at org.openqa.selenium.remote.RemoteWebDriver.findElement(RemoteWebDriver.java:315)
at org.openqa.selenium.support.pagefactory.DefaultElementLocator.findElement(DefaultElementLocator.java:69)
at org.openqa.selenium.support.pagefactory.internal.LocatingElementHandler.invoke(LocatingElementHandler.java:38)
at com.sun.proxy.$Proxy10.click(Unknown Source)
at MainProject.MainSpring.HomePage.search(HomePage.java:24)
at testClass.Invalid.Test(Invalid.java:59)
... Removed 28 stack frames]]>
    </failure>
  </testcase> <!-- @BeforeTest Test -->
  <testcase name="VerifyinvalidData" time="0.0" classname="testClass.Invalid">
    <skipped/>
  </testcase> <!-- VerifyinvalidData -->
  <testcase name="VerifyinvalidData" time="0.0" classname="testClass.Invalid">
    <skipped/>
  </testcase> <!-- VerifyinvalidData -->
  <testcase name="VerifyinvalidData" time="0.0" classname="testClass.Invalid">
    <skipped/>
  </testcase> <!-- VerifyinvalidData -->
  <testcase name="VerifyinvalidData" time="0.0" classname="testClass.Invalid">
    <skipped/>
  </testcase> <!-- VerifyinvalidData -->
  <testcase name="VerifyinvalidData" time="0.0" classname="testClass.Invalid">
    <skipped/>
  </testcase> <!-- VerifyinvalidData -->
  <testcase name="VerifyinvalidData" time="0.0" classname="testClass.Invalid">
    <skipped/>
  </testcase> <!-- VerifyinvalidData -->
  <testcase name="VerifyinvalidData" time="0.0" classname="testClass.Invalid">
    <skipped/>
  </testcase> <!-- VerifyinvalidData -->
</testsuite> <!-- Test1 -->
