<?xml version="1.0" encoding="UTF-8"?>
<!-- Generated by org.testng.reporters.JUnitXMLReporter -->
<testsuite hostname="LAPTOP-HL4REAJM" ignored="0" name="Test2" tests="7" failures="0" timestamp="2020-11-06T13:34:48 IST" time="35.402" errors="0">
  <testcase name="@BeforeTest Test" time="35.32" classname="testClass.Valid">
    <failure type="org.openqa.selenium.WebDriverException" message="chrome not reachable
  (Session info: chrome=86.0.4240.183)
Build info: version: &amp;apos;3.141.59&amp;apos;, revision: &amp;apos;e82be7d358&amp;apos;, time: &amp;apos;2018-11-14T08:17:03&amp;apos;
System info: host: &amp;apos;LAPTOP-HL4REAJM&amp;apos;, ip: &amp;apos;172.17.135.49&amp;apos;, os.name: &amp;apos;Windows 10&amp;apos;, os.arch: &amp;apos;amd64&amp;apos;, os.version: &amp;apos;10.0&amp;apos;, java.version: &amp;apos;1.8.0_271&amp;apos;
Driver info: org.openqa.selenium.chrome.ChromeDriver
Capabilities {acceptInsecureCerts: false, browserName: chrome, browserVersion: 86.0.4240.183, chrome: {chromedriverVersion: 85.0.4183.87 (cd6713ebf92fa..., userDataDir: C:\Users\choud\AppData\Loca...}, goog:chromeOptions: {debuggerAddress: localhost:51255}, javascriptEnabled: true, networkConnectionEnabled: false, pageLoadStrategy: normal, platform: WINDOWS, platformName: WINDOWS, proxy: Proxy(), setWindowRect: true, strictFileInteractability: false, timeouts: {implicit: 0, pageLoad: 300000, script: 30000}, unhandledPromptBehavior: dismiss and notify, webauthn:virtualAuthenticators: true}
Session ID: 964c93038eebd160eb650824acb48b3c">
      <![CDATA[org.openqa.selenium.WebDriverException: chrome not reachable
  (Session info: chrome=86.0.4240.183)
Build info: version: '3.141.59', revision: 'e82be7d358', time: '2018-11-14T08:17:03'
System info: host: 'LAPTOP-HL4REAJM', ip: '172.17.135.49', os.name: 'Windows 10', os.arch: 'amd64', os.version: '10.0', java.version: '1.8.0_271'
Driver info: org.openqa.selenium.chrome.ChromeDriver
Capabilities {acceptInsecureCerts: false, browserName: chrome, browserVersion: 86.0.4240.183, chrome: {chromedriverVersion: 85.0.4183.87 (cd6713ebf92fa..., userDataDir: C:\Users\choud\AppData\Loca...}, goog:chromeOptions: {debuggerAddress: localhost:51255}, javascriptEnabled: true, networkConnectionEnabled: false, pageLoadStrategy: normal, platform: WINDOWS, platformName: WINDOWS, proxy: Proxy(), setWindowRect: true, strictFileInteractability: false, timeouts: {implicit: 0, pageLoad: 300000, script: 30000}, unhandledPromptBehavior: dismiss and notify, webauthn:virtualAuthenticators: true}
Session ID: 964c93038eebd160eb650824acb48b3c
at org.openqa.selenium.remote.http.W3CHttpResponseCodec.createException(W3CHttpResponseCodec.java:187)
at org.openqa.selenium.remote.http.W3CHttpResponseCodec.decode(W3CHttpResponseCodec.java:122)
at org.openqa.selenium.remote.http.W3CHttpResponseCodec.decode(W3CHttpResponseCodec.java:49)
at org.openqa.selenium.remote.HttpCommandExecutor.execute(HttpCommandExecutor.java:158)
at org.openqa.selenium.remote.service.DriverCommandExecutor.execute(DriverCommandExecutor.java:83)
at org.openqa.selenium.remote.RemoteWebDriver.execute(RemoteWebDriver.java:552)
at org.openqa.selenium.remote.RemoteWebDriver.get(RemoteWebDriver.java:277)
at org.openqa.selenium.remote.RemoteWebDriver$RemoteNavigation.to(RemoteWebDriver.java:857)
at baseSetup.BaseSetup.openUrl(BaseSetup.java:107)
at testClass.Valid.Test(Valid.java:47)
... Removed 28 stack frames]]>
    </failure>
  </testcase> <!-- @BeforeTest Test -->
  <testcase name="VerifyinvalidData" time="0.0" classname="testClass.Valid">
    <skipped/>
  </testcase> <!-- VerifyinvalidData -->
  <testcase name="VerifyinvalidData" time="0.0" classname="testClass.Valid">
    <skipped/>
  </testcase> <!-- VerifyinvalidData -->
  <testcase name="VerifyinvalidData" time="0.0" classname="testClass.Valid">
    <skipped/>
  </testcase> <!-- VerifyinvalidData -->
  <testcase name="VerifyinvalidData" time="0.0" classname="testClass.Valid">
    <skipped/>
  </testcase> <!-- VerifyinvalidData -->
  <testcase name="VerifyinvalidData" time="0.0" classname="testClass.Valid">
    <skipped/>
  </testcase> <!-- VerifyinvalidData -->
  <testcase name="VerifyinvalidData" time="0.0" classname="testClass.Valid">
    <skipped/>
  </testcase> <!-- VerifyinvalidData -->
  <testcase name="VerifyinvalidData" time="0.0" classname="testClass.Valid">
    <skipped/>
  </testcase> <!-- VerifyinvalidData -->
</testsuite> <!-- Test2 -->
